<?xml version="1.0" encoding="UTF-8"?>
<!-- Generated by org.testng.reporters.JUnitReportReporter -->
<testsuite skipped="0" hostname="ASDP1756PO02529" name="com.box.AdvancedTattoc" tests="1" failures="0" timestamp="25 Jun 2019 10:16:15 GMT" time="0.442" errors="0">
  <testcase name="dropDown" time="0.442" classname="com.box.AdvancedTattoc"/>
</testsuite> <!-- com.box.AdvancedTattoc -->
