<?xml version="1.0" encoding="UTF-8"?>
<!-- Generated by org.testng.reporters.JUnitReportReporter -->
<testsuite skipped="0" hostname="ASDP1756PO02529" name="com.box.TestTT" tests="7" failures="0" timestamp="01 Jul 2019 11:29:23 GMT" time="9.139" errors="0">
  <testcase name="addCookie" time="0.233" classname="com.box.TestTT"/>
  <testcase name="dragDrop" time="0.300" classname="com.box.TestTT"/>
  <testcase name="popup" time="0.082" classname="com.box.TestTT"/>
  <testcase name="form" time="7.248" classname="com.box.TestTT"/>
  <testcase name="token" time="0.396" classname="com.box.TestTT"/>
  <testcase name="greenBox" time="0.274" classname="com.box.TestTT"/>
  <testcase name="change" time="0.606" classname="com.box.TestTT"/>
</testsuite> <!-- com.box.TestTT -->
